    1024,    8,        128,      0.016
    1024,   16,         64,      0.015
    1024,   32,         32,      0.014
    1024,   64,         16,      0.016
    1024,  128,          8,      0.016
    1024,  256,          4,      0.016
    1024,  512,          2,      0.015
    2048,    8,        256,      0.033
    2048,   16,        128,      0.033
    2048,   32,         64,      0.032
    2048,   64,         32,      0.034
    2048,  128,         16,      0.034
    2048,  256,          8,      0.034
    2048,  512,          4,      0.036
    4096,    8,        512,      0.065
    4096,   16,        256,      0.065
    4096,   32,        128,      0.066
    4096,   64,         64,      0.064
    4096,  128,         32,      0.070
    4096,  256,         16,      0.065
    4096,  512,          8,      0.067
    8192,    8,       1024,      0.140
    8192,   16,        512,      0.122
    8192,   32,        256,      0.133
    8192,   64,        128,      0.109
    8192,  128,         64,      0.137
    8192,  256,         32,      0.127
    8192,  512,         16,      0.139
   16384,    8,       2048,      0.268
   16384,   16,       1024,      0.251
   16384,   32,        512,      0.231
   16384,   64,        256,      0.262
   16384,  128,        128,      0.266
   16384,  256,         64,      0.264
   16384,  512,         32,      0.293
   32768,    8,       4096,      0.464
   32768,   16,       2048,      0.492
   32768,   32,       1024,      0.565
   32768,   64,        512,      0.538
   32768,  128,        256,      0.554
   32768,  256,        128,      0.552
   32768,  512,         64,      0.523
   65536,    8,       8192,      0.971
   65536,   16,       4096,      0.990
   65536,   32,       2048,      1.091
   65536,   64,       1024,      1.116
   65536,  128,        512,      1.169
   65536,  256,        256,      1.121
   65536,  512,        128,      1.000
  131072,    8,      16384,      1.532
  131072,   16,       8192,      1.669
  131072,   32,       4096,      1.927
  131072,   64,       2048,      1.869
  131072,  128,       1024,      2.123
  131072,  256,        512,      2.169
  131072,  512,        256,      1.974
  262144,    8,      32768,      0.455
  262144,   16,      16384,      0.193
  262144,   32,       8192,      0.440
  262144,   64,       4096,      0.387
  262144,  128,       2048,      0.400
  262144,  256,       1024,      0.435
  262144,  512,        512,      0.461
  524288,    8,      65536,      0.785
  524288,   16,      32768,      0.740
  524288,   32,      16384,      0.960
  524288,   64,       8192,      1.022
  524288,  128,       4096,      0.994
  524288,  256,       2048,      0.788
  524288,  512,       1024,      0.868
 1048576,    8,     131072,      1.308
 1048576,   16,      65536,      0.762
 1048576,   32,      32768,      1.842
 1048576,   64,      16384,      1.769
 1048576,  128,       8192,      0.929
 1048576,  256,       4096,      0.653
 1048576,  512,       2048,      1.587
 2097152,    8,     262144,      0.665
 2097152,   16,     131072,      2.719
 2097152,   32,      65536,      2.834
 2097152,   64,      32768,      0.527
 2097152,  128,      16384,      3.539
 2097152,  256,       8192,      2.957
 2097152,  512,       4096,      3.336
 4194304,    8,     524288,      2.118
 4194304,   16,     262144,      3.814
 4194304,   32,     131072,      5.261
 4194304,   64,      65536,      5.232
 4194304,  128,      32768,      6.363
 4194304,  256,      16384,      6.760
 4194304,  512,       8192,      7.098
 8388608,    8,    1048576,      3.579
 8388608,   16,     524288,      3.309
 8388608,   32,     262144,      4.302
 8388608,   64,     131072,     10.586
 8388608,  128,      65536,     10.373
 8388608,  256,      32768,      8.606
 8388608,  512,      16384,     10.404
