    1024,    8,        128,      0.019
    1024,   16,         64,      0.019
    1024,   32,         32,      0.019
    1024,   64,         16,      0.020
    1024,  128,          8,      0.019
    1024,  256,          4,      0.019
    1024,  512,          2,      0.019
    2048,    8,        256,      0.040
    2048,   16,        128,      0.038
    2048,   32,         64,      0.040
    2048,   64,         32,      0.037
    2048,  128,         16,      0.038
    2048,  256,          8,      0.038
    2048,  512,          4,      0.037
    4096,    8,        512,      0.075
    4096,   16,        256,      0.079
    4096,   32,        128,      0.080
    4096,   64,         64,      0.079
    4096,  128,         32,      0.079
    4096,  256,         16,      0.078
    4096,  512,          8,      0.082
    8192,    8,       1024,      0.154
    8192,   16,        512,      0.141
    8192,   32,        256,      0.154
    8192,   64,        128,      0.164
    8192,  128,         64,      0.164
    8192,  256,         32,      0.152
    8192,  512,         16,      0.121
   16384,    8,       2048,      0.300
   16384,   16,       1024,      0.305
   16384,   32,        512,      0.326
   16384,   64,        256,      0.309
   16384,  128,        128,      0.329
   16384,  256,         64,      0.306
   16384,  512,         32,      0.304
   32768,    8,       4096,      0.593
   32768,   16,       2048,      0.645
   32768,   32,       1024,      0.622
   32768,   64,        512,      0.679
   32768,  128,        256,      0.598
   32768,  256,        128,      0.525
   32768,  512,         64,      0.634
   65536,    8,       8192,      1.067
   65536,   16,       4096,      1.194
   65536,   32,       2048,      1.157
   65536,   64,       1024,      1.224
   65536,  128,        512,      1.176
   65536,  256,        256,      1.328
   65536,  512,        128,      1.301
  131072,    8,      16384,      1.751
  131072,   16,       8192,      2.042
  131072,   32,       4096,      2.251
  131072,   64,       2048,      2.364
  131072,  128,       1024,      2.503
  131072,  256,        512,      2.496
  131072,  512,        256,      2.482
  262144,    8,      32768,      2.634
  262144,   16,      16384,      3.253
  262144,   32,       8192,      3.959
  262144,   64,       4096,      4.578
  262144,  128,       2048,      5.154
  262144,  256,       1024,      5.008
  262144,  512,        512,      5.201
  524288,    8,      65536,      0.927
  524288,   16,      32768,      1.017
  524288,   32,      16384,      1.025
  524288,   64,       8192,      1.022
  524288,  128,       4096,      1.068
  524288,  256,       2048,      1.086
  524288,  512,       1024,      1.101
 1048576,    8,     131072,      1.536
 1048576,   16,      65536,      1.052
 1048576,   32,      32768,      1.962
 1048576,   64,      16384,      2.027
 1048576,  128,       8192,      1.975
 1048576,  256,       4096,      1.835
 1048576,  512,       2048,      2.083
 2097152,    8,     262144,      2.373
 2097152,   16,     131072,      3.119
 2097152,   32,      65536,      3.616
 2097152,   64,      32768,      3.988
 2097152,  128,      16384,      3.991
 2097152,  256,       8192,      3.531
 2097152,  512,       4096,      3.523
 4194304,    8,     524288,      3.036
 4194304,   16,     262144,      4.324
 4194304,   32,     131072,      6.109
 4194304,   64,      65536,      7.145
 4194304,  128,      32768,      6.419
 4194304,  256,      16384,      7.468
 4194304,  512,       8192,      7.474
 8388608,    8,    1048576,      3.768
 8388608,   16,     524288,      5.818
 8388608,   32,     262144,      9.026
 8388608,   64,     131072,     11.665
 8388608,  128,      65536,     11.663
 8388608,  256,      32768,     12.044
 8388608,  512,      16384,     11.553
