    1024,   32,         32,      0.019
    1024,   64,         16,      0.019
    1024,  128,          8,      0.020
    1024,  256,          4,      0.019
    2048,   32,         64,      0.038
    2048,   64,         32,      0.036
    2048,  128,         16,      0.038
    2048,  256,          8,      0.039
    4096,   32,        128,      0.080
    4096,   64,         64,      0.076
    4096,  128,         32,      0.077
    4096,  256,         16,      0.075
    8192,   32,        256,      0.154
    8192,   64,        128,      0.143
    8192,  128,         64,      0.144
    8192,  256,         32,      0.145
   16384,   32,        512,      0.296
   16384,   64,        256,      0.313
   16384,  128,        128,      0.308
   16384,  256,         64,      0.308
   32768,   32,       1024,      0.629
   32768,   64,        512,      0.636
   32768,  128,        256,      0.624
   32768,  256,        128,      0.651
   65536,   32,       2048,      1.232
   65536,   64,       1024,      1.211
   65536,  128,        512,      1.361
   65536,  256,        256,      0.981
  131072,   32,       4096,      2.235
  131072,   64,       2048,      2.277
  131072,  128,       1024,      2.531
  131072,  256,        512,      2.479
  262144,   32,       8192,      0.502
  262144,   64,       4096,      0.541
  262144,  128,       2048,      0.522
  262144,  256,       1024,      0.512
  524288,   32,      16384,      1.047
  524288,   64,       8192,      1.076
  524288,  128,       4096,      1.098
  524288,  256,       2048,      1.080
 1048576,   32,      32768,      1.807
 1048576,   64,      16384,      2.069
 1048576,  128,       8192,      2.061
 1048576,  256,       4096,      2.050
 2097152,   32,      65536,      3.362
 2097152,   64,      32768,      3.910
 2097152,  128,      16384,      3.999
 2097152,  256,       8192,      3.903
 4194304,   32,     131072,      5.464
 4194304,   64,      65536,      5.408
 4194304,  128,      32768,      7.754
 4194304,  256,      16384,      7.190
 8388608,   32,     262144,      9.316
 8388608,   64,     131072,     11.999
 8388608,  128,      65536,     13.805
 8388608,  256,      32768,     13.786
