Node   0 entered DoOneLocalAutocorrelation( )
  1 processors,    8388608 elements,    239.72 mega-autocorrelations computed per second
Node   0 entered DoOneLocalAutocorrelation( )
Node   1 entered DoOneLocalAutocorrelation( )
  2 processors,    8388608 elements,    721.49 mega-autocorrelations computed per second
Node   1 entered DoOneLocalAutocorrelation( )
Node   0 entered DoOneLocalAutocorrelation( )
Node   2 entered DoOneLocalAutocorrelation( )
  3 processors,    8388608 elements,   1080.31 mega-autocorrelations computed per second
Node   1 entered DoOneLocalAutocorrelation( )
Node   2 entered DoOneLocalAutocorrelation( )
Node   0 entered DoOneLocalAutocorrelation( )
Node   3 entered DoOneLocalAutocorrelation( )
  4 processors,    8388608 elements,   1434.86 mega-autocorrelations computed per second
Node   1 entered DoOneLocalAutocorrelation( )
Node   2 entered DoOneLocalAutocorrelation( )
Node   3 entered DoOneLocalAutocorrelation( )
Node   0 entered DoOneLocalAutocorrelation( )
Node   4 entered DoOneLocalAutocorrelation( )
  5 processors,    8388608 elements,   1747.90 mega-autocorrelations computed per second
Node   1 entered DoOneLocalAutocorrelation( )
Node   2 entered DoOneLocalAutocorrelation( )
Node   3 entered DoOneLocalAutocorrelation( )
Node   4 entered DoOneLocalAutocorrelation( )
Node   0 entered DoOneLocalAutocorrelation( )
Node   5 entered DoOneLocalAutocorrelation( )
  6 processors,    8388608 elements,   2083.41 mega-autocorrelations computed per second
Node   1 entered DoOneLocalAutocorrelation( )
Node   2 entered DoOneLocalAutocorrelation( )
Node   3 entered DoOneLocalAutocorrelation( )
Node   4 entered DoOneLocalAutocorrelation( )
Node   5 entered DoOneLocalAutocorrelation( )
Node   0 entered DoOneLocalAutocorrelation( )
Node   6 entered DoOneLocalAutocorrelation( )
  7 processors,    8388608 elements,   2252.06 mega-autocorrelations computed per second
Node   1 entered DoOneLocalAutocorrelation( )
Node   2 entered DoOneLocalAutocorrelation( )
Node   3 entered DoOneLocalAutocorrelation( )
Node   4 entered DoOneLocalAutocorrelation( )
Node   5 entered DoOneLocalAutocorrelation( )
Node   6 entered DoOneLocalAutocorrelation( )
Node   0 entered DoOneLocalAutocorrelation( )
Node   7 entered DoOneLocalAutocorrelation( )
  8 processors,    8388608 elements,   2354.81 mega-autocorrelations computed per second
Node   1 entered DoOneLocalAutocorrelation( )
Node   2 entered DoOneLocalAutocorrelation( )
Node   3 entered DoOneLocalAutocorrelation( )
Node   4 entered DoOneLocalAutocorrelation( )
Node   5 entered DoOneLocalAutocorrelation( )
Node   6 entered DoOneLocalAutocorrelation( )
Node   7 entered DoOneLocalAutocorrelation( )
Node   0 entered DoOneLocalAutocorrelation( )
Node   8 entered DoOneLocalAutocorrelation( )
  9 processors,    8388608 elements,   2814.22 mega-autocorrelations computed per second
Node   1 entered DoOneLocalAutocorrelation( )
Node   2 entered DoOneLocalAutocorrelation( )
Node   3 entered DoOneLocalAutocorrelation( )
Node   4 entered DoOneLocalAutocorrelation( )
Node   5 entered DoOneLocalAutocorrelation( )
Node   6 entered DoOneLocalAutocorrelation( )
Node   7 entered DoOneLocalAutocorrelation( )
Node   8 entered DoOneLocalAutocorrelation( )
Node   0 entered DoOneLocalAutocorrelation( )
Node   9 entered DoOneLocalAutocorrelation( )
 10 processors,    8388608 elements,   3102.33 mega-autocorrelations computed per second
Node   1 entered DoOneLocalAutocorrelation( )
Node   2 entered DoOneLocalAutocorrelation( )
Node   3 entered DoOneLocalAutocorrelation( )
Node   4 entered DoOneLocalAutocorrelation( )
Node   5 entered DoOneLocalAutocorrelation( )
Node   6 entered DoOneLocalAutocorrelation( )
Node   7 entered DoOneLocalAutocorrelation( )
Node   8 entered DoOneLocalAutocorrelation( )
Node   9 entered DoOneLocalAutocorrelation( )
Node   0 entered DoOneLocalAutocorrelation( )
Node  10 entered DoOneLocalAutocorrelation( )
 11 processors,    8388608 elements,   3042.49 mega-autocorrelations computed per second
Node   1 entered DoOneLocalAutocorrelation( )
Node   2 entered DoOneLocalAutocorrelation( )
Node   3 entered DoOneLocalAutocorrelation( )
Node   4 entered DoOneLocalAutocorrelation( )
Node   5 entered DoOneLocalAutocorrelation( )
Node   6 entered DoOneLocalAutocorrelation( )
Node   7 entered DoOneLocalAutocorrelation( )
Node   8 entered DoOneLocalAutocorrelation( )
Node   9 entered DoOneLocalAutocorrelation( )
Node  10 entered DoOneLocalAutocorrelation( )
Node   0 entered DoOneLocalAutocorrelation( )
Node  11 entered DoOneLocalAutocorrelation( )
 12 processors,    8388608 elements,   3630.10 mega-autocorrelations computed per second
